Arguments: 
  /home/pi/.nvm/versions/node/v16.4.2/bin/node /usr/local/bin/yarn start

PATH: 
  /home/pi/.nvm/versions/node/v16.4.2/bin:/usr/local/sbin:/usr/local/bin:/usr/sbin:/usr/bin:/sbin:/bin:/usr/local/games:/usr/games:/snap/bin:/home/pi/.yarn/bin

Yarn version: 
  1.22.10

Node version: 
  16.4.2

Platform: 
  linux arm

Trace: 
  SyntaxError: /home/pi/heaboo_log_my_work/dbBackup/package.json: Unexpected token } in JSON at position 223
      at JSON.parse (<anonymous>)
      at /usr/local/lib/node_modules/yarn/lib/cli.js:1625:59
      at Generator.next (<anonymous>)
      at step (/usr/local/lib/node_modules/yarn/lib/cli.js:310:30)
      at /usr/local/lib/node_modules/yarn/lib/cli.js:321:13

npm manifest: 
  {
    "main": "node_modules/expo/AppEntry.js",
    "type": "module",
    "scripts": {
      "start": "node autoBackup.js" 
    },
    "dependencies": {
      "firebase": "8.2.3",
      "firebase-admin": "^9.9.0",
      "react": "16.13.1",
    },
    "devDependencies": {
      "@babel/core": "~7.9.0",
      "@types/react": "~16.9.35",
      "@types/react-native": "~0.63.2",
      "typescript": "~4.0.0"
    },
    "private": true
  }

yarn manifest: 
  No manifest

Lockfile: 
  No lockfile
